<?xml version="1.0" encoding="UTF-8"?>
<!-- Generated by org.testng.reporters.JUnitReportReporter -->
<testsuite skipped="0" hostname="A948LBLR" name="SeleniumDemo.Demo2Sel" tests="1" failures="0" timestamp="2020-11-30T23:21:55 IST" time="30.908" errors="0">
  <testcase name="setupTour" time="30.908" classname="SeleniumDemo.Demo2Sel"/>
  <system-out/>
</testsuite> <!-- SeleniumDemo.Demo2Sel -->
